Active-HDL 11.1.262.7351 2021-08-13 15:03:03

Elaboration top modules:
Architecture                  tb(iB_tb)


---------------------------------------------------------------------------------------------
Entity     | Architecture | Library   | Info | Compiler Version        | Compilation Options
---------------------------------------------------------------------------------------------
iB_tb      | tb           | pipelined |      | 11.1.262.7351 (Windows) | -O3
instBuffer | behavioral   | pipelined |      | 11.1.262.7351 (Windows) | -O3
instDecode | behavioral   | pipelined |      | 11.1.262.7351 (Windows) | -O3
executeAlu | behavioral   | pipelined |      | 11.1.262.7351 (Windows) | -O3
fD         | behavioral   | pipelined |      | 11.1.262.7351 (Windows) | -O3
---------------------------------------------------------------------------------------------

---------------------------------------------------------------------------------------------
VHDL Package              | Library   | Info | Compiler Version        | Compilation Options
---------------------------------------------------------------------------------------------
standard                  | std       |      |                         | <unavailable>
TEXTIO                    | std       |      |                         | <unavailable>
std_logic_1164            | ieee      |      |                         | <unavailable>
STD_LOGIC_TEXTIO          | ieee      |      |                         | <unavailable>
NUMERIC_STD               | ieee      |      |                         | <unavailable>
MATH_REAL                 | ieee      |      |                         | <unavailable>
---------------------------------------------------------------------------------------------

---------------------------------------------------------------------------------------------
Library                   | Comment
---------------------------------------------------------------------------------------------
ieee                      | Standard IEEE packages library
pipelined                 | None
std                       | Standard VHDL library
---------------------------------------------------------------------------------------------
